# JRE version: Java(TM) SE Runtime Environment (8.0_171-b11) (build 1.8.0_171-b11)
# Java VM: Java HotSpot(TM) Client VM (25.171-b11 mixed mode, sharing windows-x86 )
Heap:
 def new generation   total 14400K, used 502K [0x04400000, 0x05390000, 0x09950000)
  eden space 12864K,   1% used [0x04400000, 0x0442e008, 0x05090000)
  from space 1536K,  20% used [0x05210000, 0x0525fa30, 0x05390000)
  to   space 1536K,   0% used [0x05090000, 0x05090000, 0x05210000)
 tenured generation   total 31788K, used 23118K [0x09950000, 0x0b85b000, 0x14400000)
   the space 31788K,  72% used [0x09950000, 0x0afe3878, 0x0afe3a00, 0x0b85b000)
 Metaspace       used 19877K, capacity 20945K, committed 20992K, reserved 21888K
GC Heap History (10 events):
Event: 17.942 GC heap before
{Heap before GC invocations=50 (full 3):
 def new generation   total 14400K, used 14400K [0x04400000, 0x05390000, 0x09950000)
  eden space 12864K, 100% used [0x04400000, 0x05090000, 0x05090000)
  from space 1536K, 100% used [0x05210000, 0x05390000, 0x05390000)
  to   space 1536K,   0% used [0x05090000, 0x05090000, 0x05210000)
 tenured generation   total 31788K, used 19352K [0x09950000, 0x0b85b000, 0x14400000)
   the space 31788K,  60% used [0x09950000, 0x0ac361f0, 0x0ac36200, 0x0b85b000)
 Metaspace       used 19871K, capacity 20933K, committed 20992K, reserved 21888K
Event: 17.952 GC heap after
Heap after GC invocations=51 (full 3):
 def new generation   total 14400K, used 1536K [0x04400000, 0x05390000, 0x09950000)
  eden space 12864K,   0% used [0x04400000, 0x04400000, 0x05090000)
  from space 1536K, 100% used [0x05090000, 0x05210000, 0x05210000)
  to   space 1536K,   0% used [0x05210000, 0x05210000, 0x05390000)
 tenured generation   total 31788K, used 21221K [0x09950000, 0x0b85b000, 0x14400000)
   the space 31788K,  66% used [0x09950000, 0x0ae09630, 0x0ae09800, 0x0b85b000)
 Metaspace       used 19871K, capacity 20933K, committed 20992K, reserved 21888K
}
Event: 17.971 GC heap before
{Heap before GC invocations=51 (full 3):
 def new generation   total 14400K, used 14400K [0x04400000, 0x05390000, 0x09950000)
  eden space 12864K, 100% used [0x04400000, 0x05090000, 0x05090000)
  from space 1536K, 100% used [0x05090000, 0x05210000, 0x05210000)
  to   space 1536K,   0% used [0x05210000, 0x05210000, 0x05390000)
 tenured generation   total 31788K, used 21221K [0x09950000, 0x0b85b000, 0x14400000)
   the space 31788K,  66% used [0x09950000, 0x0ae09630, 0x0ae09800, 0x0b85b000)
 Metaspace       used 19871K, capacity 20933K, committed 20992K, reserved 21888K
Event: 17.975 GC heap after
Heap after GC invocations=52 (full 3):
 def new generation   total 14400K, used 442K [0x04400000, 0x05390000, 0x09950000)
  eden space 12864K,   0% used [0x04400000, 0x04400000, 0x05090000)
  from space 1536K,  28% used [0x05210000, 0x0527e9b0, 0x05390000)
  to   space 1536K,   0% used [0x05090000, 0x05090000, 0x05210000)
 tenured generation   total 31788K, used 22150K [0x09950000, 0x0b85b000, 0x14400000)
   the space 31788K,  69% used [0x09950000, 0x0aef1a90, 0x0aef1c00, 0x0b85b000)
 Metaspace       used 19871K, capacity 20933K, committed 20992K, reserved 21888K
}
Event: 18.006 GC heap before
{Heap before GC invocations=52 (full 3):
 def new generation   total 14400K, used 13306K [0x04400000, 0x05390000, 0x09950000)
  eden space 12864K, 100% used [0x04400000, 0x05090000, 0x05090000)
  from space 1536K,  28% used [0x05210000, 0x0527e9b0, 0x05390000)
  to   space 1536K,   0% used [0x05090000, 0x05090000, 0x05210000)
 tenured generation   total 31788K, used 22150K [0x09950000, 0x0b85b000, 0x14400000)
   the space 31788K,  69% used [0x09950000, 0x0aef1a90, 0x0aef1c00, 0x0b85b000)
 Metaspace       used 19877K, capacity 20945K, committed 20992K, reserved 21888K
Event: 18.011 GC heap after
Heap after GC invocations=53 (full 3):
 def new generation   total 14400K, used 983K [0x04400000, 0x05390000, 0x09950000)
  eden space 12864K,   0% used [0x04400000, 0x04400000, 0x05090000)
  from space 1536K,  64% used [0x05090000, 0x05185d70, 0x05210000)
  to   space 1536K,   0% used [0x05210000, 0x05210000, 0x05390000)
 tenured generation   total 31788K, used 22150K [0x09950000, 0x0b85b000, 0x14400000)
   the space 31788K,  69% used [0x09950000, 0x0aef1a90, 0x0aef1c00, 0x0b85b000)
 Metaspace       used 19877K, capacity 20945K, committed 20992K, reserved 21888K
}
Event: 18.037 GC heap before
{Heap before GC invocations=53 (full 3):
 def new generation   total 14400K, used 13847K [0x04400000, 0x05390000, 0x09950000)
  eden space 12864K, 100% used [0x04400000, 0x05090000, 0x05090000)
  from space 1536K,  64% used [0x05090000, 0x05185d70, 0x05210000)
  to   space 1536K,   0% used [0x05210000, 0x05210000, 0x05390000)
 tenured generation   total 31788K, used 22150K [0x09950000, 0x0b85b000, 0x14400000)
   the space 31788K,  69% used [0x09950000, 0x0aef1a90, 0x0aef1c00, 0x0b85b000)
 Metaspace       used 19877K, capacity 20945K, committed 20992K, reserved 21888K
Event: 18.041 GC heap after
Heap after GC invocations=54 (full 3):
 def new generation   total 14400K, used 607K [0x04400000, 0x05390000, 0x09950000)
  eden space 12864K,   0% used [0x04400000, 0x04400000, 0x05090000)
  from space 1536K,  39% used [0x05210000, 0x052a7fd0, 0x05390000)
  to   space 1536K,   0% used [0x05090000, 0x05090000, 0x05210000)
 tenured generation   total 31788K, used 22584K [0x09950000, 0x0b85b000, 0x14400000)
   the space 31788K,  71% used [0x09950000, 0x0af5e330, 0x0af5e400, 0x0b85b000)
 Metaspace       used 19877K, capacity 20945K, committed 20992K, reserved 21888K
}
Event: 18.203 GC heap before
{Heap before GC invocations=54 (full 3):
 def new generation   total 14400K, used 13471K [0x04400000, 0x05390000, 0x09950000)
  eden space 12864K, 100% used [0x04400000, 0x05090000, 0x05090000)
  from space 1536K,  39% used [0x05210000, 0x052a7fd0, 0x05390000)
  to   space 1536K,   0% used [0x05090000, 0x05090000, 0x05210000)
 tenured generation   total 31788K, used 22584K [0x09950000, 0x0b85b000, 0x14400000)
   the space 31788K,  71% used [0x09950000, 0x0af5e330, 0x0af5e400, 0x0b85b000)
 Metaspace       used 19877K, capacity 20945K, committed 20992K, reserved 21888K
Event: 18.207 GC heap after
Heap after GC invocations=55 (full 3):
 def new generation   total 14400K, used 851K [0x04400000, 0x05390000, 0x09950000)
  eden space 12864K,   0% used [0x04400000, 0x04400000, 0x05090000)
  from space 1536K,  55% used [0x05090000, 0x05164c10, 0x05210000)
  to   space 1536K,   0% used [0x05210000, 0x05210000, 0x05390000)
 tenured generation   total 31788K, used 22584K [0x09950000, 0x0b85b000, 0x14400000)
   the space 31788K,  71% used [0x09950000, 0x0af5e330, 0x0af5e400, 0x0b85b000)
 Metaspace       used 19877K, capacity 20945K, committed 20992K, reserved 21888K
}

