# JRE version: Java(TM) SE Runtime Environment (8.0_171-b11) (build 1.8.0_171-b11)
# Java VM: Java HotSpot(TM) Client VM (25.171-b11 mixed mode windows-x86 )
Heap:
 def new generation   total 30848K, used 4589K [0x04c00000, 0x06d70000, 0x0a150000)
  eden space 27456K,   7% used [0x04c00000, 0x04e0b570, 0x066d0000)
  from space 3392K,  73% used [0x066d0000, 0x0693ffa8, 0x06a20000)
  to   space 3392K,   0% used [0x06a20000, 0x06a20000, 0x06d70000)
 tenured generation   total 68336K, used 60902K [0x0a150000, 0x0e40c000, 0x14c00000)
   the space 68336K,  89% used [0x0a150000, 0x0dcc98d0, 0x0dcc9a00, 0x0e40c000)
 Metaspace       used 16711K, capacity 17639K, committed 17664K, reserved 17792K
GC Heap History (10 events):
Event: 58.179 GC heap before
{Heap before GC invocations=209 (full 3):
 def new generation   total 30848K, used 27460K [0x04c00000, 0x06d70000, 0x0a150000)
  eden space 27456K, 100% used [0x04c00000, 0x066d0000, 0x066d0000)
  from space 3392K,   0% used [0x06a20000, 0x06a210f0, 0x06d70000)
  to   space 3392K,   0% used [0x066d0000, 0x066d0000, 0x06a20000)
 tenured generation   total 68336K, used 60900K [0x0a150000, 0x0e40c000, 0x14c00000)
   the space 68336K,  89% used [0x0a150000, 0x0dcc90a0, 0x0dcc9200, 0x0e40c000)
 Metaspace       used 16683K, capacity 17609K, committed 17664K, reserved 17792K
Event: 58.180 GC heap after
Heap after GC invocations=210 (full 3):
 def new generation   total 30848K, used 4K [0x04c00000, 0x06d70000, 0x0a150000)
  eden space 27456K,   0% used [0x04c00000, 0x04c00000, 0x066d0000)
  from space 3392K,   0% used [0x066d0000, 0x066d10f0, 0x06a20000)
  to   space 3392K,   0% used [0x06a20000, 0x06a20000, 0x06d70000)
 tenured generation   total 68336K, used 60900K [0x0a150000, 0x0e40c000, 0x14c00000)
   the space 68336K,  89% used [0x0a150000, 0x0dcc90a0, 0x0dcc9200, 0x0e40c000)
 Metaspace       used 16683K, capacity 17609K, committed 17664K, reserved 17792K
}
Event: 60.476 GC heap before
{Heap before GC invocations=210 (full 3):
 def new generation   total 30848K, used 27460K [0x04c00000, 0x06d70000, 0x0a150000)
  eden space 27456K, 100% used [0x04c00000, 0x066d0000, 0x066d0000)
  from space 3392K,   0% used [0x066d0000, 0x066d10f0, 0x06a20000)
  to   space 3392K,   0% used [0x06a20000, 0x06a20000, 0x06d70000)
 tenured generation   total 68336K, used 60900K [0x0a150000, 0x0e40c000, 0x14c00000)
   the space 68336K,  89% used [0x0a150000, 0x0dcc90a0, 0x0dcc9200, 0x0e40c000)
 Metaspace       used 16688K, capacity 17614K, committed 17664K, reserved 17792K
Event: 60.478 GC heap after
Heap after GC invocations=211 (full 3):
 def new generation   total 30848K, used 68K [0x04c00000, 0x06d70000, 0x0a150000)
  eden space 27456K,   0% used [0x04c00000, 0x04c00000, 0x066d0000)
  from space 3392K,   2% used [0x06a20000, 0x06a312b0, 0x06d70000)
  to   space 3392K,   0% used [0x066d0000, 0x066d0000, 0x06a20000)
 tenured generation   total 68336K, used 60900K [0x0a150000, 0x0e40c000, 0x14c00000)
   the space 68336K,  89% used [0x0a150000, 0x0dcc9120, 0x0dcc9200, 0x0e40c000)
 Metaspace       used 16688K, capacity 17614K, committed 17664K, reserved 17792K
}
Event: 60.503 GC heap before
{Heap before GC invocations=211 (full 3):
 def new generation   total 30848K, used 27524K [0x04c00000, 0x06d70000, 0x0a150000)
  eden space 27456K, 100% used [0x04c00000, 0x066d0000, 0x066d0000)
  from space 3392K,   2% used [0x06a20000, 0x06a312b0, 0x06d70000)
  to   space 3392K,   0% used [0x066d0000, 0x066d0000, 0x06a20000)
 tenured generation   total 68336K, used 60900K [0x0a150000, 0x0e40c000, 0x14c00000)
   the space 68336K,  89% used [0x0a150000, 0x0dcc9120, 0x0dcc9200, 0x0e40c000)
 Metaspace       used 16688K, capacity 17614K, committed 17664K, reserved 17792K
Event: 60.505 GC heap after
Heap after GC invocations=212 (full 3):
 def new generation   total 30848K, used 848K [0x04c00000, 0x06d70000, 0x0a150000)
  eden space 27456K,   0% used [0x04c00000, 0x04c00000, 0x066d0000)
  from space 3392K,  25% used [0x066d0000, 0x067a4348, 0x06a20000)
  to   space 3392K,   0% used [0x06a20000, 0x06a20000, 0x06d70000)
 tenured generation   total 68336K, used 60900K [0x0a150000, 0x0e40c000, 0x14c00000)
   the space 68336K,  89% used [0x0a150000, 0x0dcc93b8, 0x0dcc9400, 0x0e40c000)
 Metaspace       used 16688K, capacity 17614K, committed 17664K, reserved 17792K
}
Event: 77.004 GC heap before
{Heap before GC invocations=212 (full 3):
 def new generation   total 30848K, used 28304K [0x04c00000, 0x06d70000, 0x0a150000)
  eden space 27456K, 100% used [0x04c00000, 0x066d0000, 0x066d0000)
  from space 3392K,  25% used [0x066d0000, 0x067a4348, 0x06a20000)
  to   space 3392K,   0% used [0x06a20000, 0x06a20000, 0x06d70000)
 tenured generation   total 68336K, used 60900K [0x0a150000, 0x0e40c000, 0x14c00000)
   the space 68336K,  89% used [0x0a150000, 0x0dcc93b8, 0x0dcc9400, 0x0e40c000)
 Metaspace       used 16696K, capacity 17619K, committed 17664K, reserved 17792K
Event: 77.008 GC heap after
Heap after GC invocations=213 (full 3):
 def new generation   total 30848K, used 1452K [0x04c00000, 0x06d70000, 0x0a150000)
  eden space 27456K,   0% used [0x04c00000, 0x04c00000, 0x066d0000)
  from space 3392K,  42% used [0x06a20000, 0x06b8b118, 0x06d70000)
  to   space 3392K,   0% used [0x066d0000, 0x066d0000, 0x06a20000)
 tenured generation   total 68336K, used 60902K [0x0a150000, 0x0e40c000, 0x14c00000)
   the space 68336K,  89% used [0x0a150000, 0x0dcc98d0, 0x0dcc9a00, 0x0e40c000)
 Metaspace       used 16696K, capacity 17619K, committed 17664K, reserved 17792K
}
Event: 78.136 GC heap before
{Heap before GC invocations=213 (full 3):
 def new generation   total 30848K, used 28908K [0x04c00000, 0x06d70000, 0x0a150000)
  eden space 27456K, 100% used [0x04c00000, 0x066d0000, 0x066d0000)
  from space 3392K,  42% used [0x06a20000, 0x06b8b118, 0x06d70000)
  to   space 3392K,   0% used [0x066d0000, 0x066d0000, 0x06a20000)
 tenured generation   total 68336K, used 60902K [0x0a150000, 0x0e40c000, 0x14c00000)
   the space 68336K,  89% used [0x0a150000, 0x0dcc98d0, 0x0dcc9a00, 0x0e40c000)
 Metaspace       used 16711K, capacity 17639K, committed 17664K, reserved 17792K
Event: 78.141 GC heap after
Heap after GC invocations=214 (full 3):
 def new generation   total 30848K, used 2495K [0x04c00000, 0x06d70000, 0x0a150000)
  eden space 27456K,   0% used [0x04c00000, 0x04c00000, 0x066d0000)
  from space 3392K,  73% used [0x066d0000, 0x0693ffa8, 0x06a20000)
  to   space 3392K,   0% used [0x06a20000, 0x06a20000, 0x06d70000)
 tenured generation   total 68336K, used 60902K [0x0a150000, 0x0e40c000, 0x14c00000)
   the space 68336K,  89% used [0x0a150000, 0x0dcc98d0, 0x0dcc9a00, 0x0e40c000)
 Metaspace       used 16711K, capacity 17639K, committed 17664K, reserved 17792K
}

