# JRE version: Java(TM) SE Runtime Environment (8.0_171-b11) (build 1.8.0_171-b11)
# Java VM: Java HotSpot(TM) Client VM (25.171-b11 mixed mode windows-x86 )
Heap:
 def new generation   total 19200K, used 2136K [0x04600000, 0x05ad0000, 0x09b50000)
  eden space 17088K,   5% used [0x04600000, 0x046ee080, 0x056b0000)
  from space 2112K,  56% used [0x056b0000, 0x057d81f0, 0x058c0000)
  to   space 2112K,   0% used [0x058c0000, 0x058c0000, 0x05ad0000)
 tenured generation   total 42480K, used 27809K [0x09b50000, 0x0c4cc000, 0x14600000)
   the space 42480K,  65% used [0x09b50000, 0x0b6785a0, 0x0b678600, 0x0c4cc000)
 Metaspace       used 23631K, capacity 24717K, committed 24832K, reserved 24960K
GC Heap History (10 events):
Event: 9.159 GC heap before
{Heap before GC invocations=47 (full 3):
 def new generation   total 12032K, used 12032K [0x04600000, 0x05300000, 0x09b50000)
  eden space 10752K, 100% used [0x04600000, 0x05080000, 0x05080000)
  from space 1280K, 100% used [0x05080000, 0x051c0000, 0x051c0000)
  to   space 1280K,   0% used [0x051c0000, 0x051c0000, 0x05300000)
 tenured generation   total 26556K, used 24473K [0x09b50000, 0x0b53f000, 0x14600000)
   the space 26556K,  92% used [0x09b50000, 0x0b336780, 0x0b336800, 0x0b53f000)
 Metaspace       used 22438K, capacity 23515K, committed 23552K, reserved 23936K
Event: 9.215 GC heap after
Heap after GC invocations=48 (full 4):
 def new generation   total 19200K, used 0K [0x04600000, 0x05ad0000, 0x09b50000)
  eden space 17088K,   0% used [0x04600000, 0x04600000, 0x056b0000)
  from space 2112K,   0% used [0x056b0000, 0x056b0000, 0x058c0000)
  to   space 2112K,   0% used [0x058c0000, 0x058c0000, 0x05ad0000)
 tenured generation   total 42480K, used 25486K [0x09b50000, 0x0c4cc000, 0x14600000)
   the space 42480K,  59% used [0x09b50000, 0x0b4338a0, 0x0b433a00, 0x0c4cc000)
 Metaspace       used 22427K, capacity 23498K, committed 23552K, reserved 23936K
}
Event: 10.392 GC heap before
{Heap before GC invocations=48 (full 4):
 def new generation   total 19200K, used 17088K [0x04600000, 0x05ad0000, 0x09b50000)
  eden space 17088K, 100% used [0x04600000, 0x056b0000, 0x056b0000)
  from space 2112K,   0% used [0x056b0000, 0x056b0000, 0x058c0000)
  to   space 2112K,   0% used [0x058c0000, 0x058c0000, 0x05ad0000)
 tenured generation   total 42480K, used 25486K [0x09b50000, 0x0c4cc000, 0x14600000)
   the space 42480K,  59% used [0x09b50000, 0x0b4338a0, 0x0b433a00, 0x0c4cc000)
 Metaspace       used 23625K, capacity 24717K, committed 24832K, reserved 24960K
Event: 10.404 GC heap after
Heap after GC invocations=49 (full 4):
 def new generation   total 19200K, used 2112K [0x04600000, 0x05ad0000, 0x09b50000)
  eden space 17088K,   0% used [0x04600000, 0x04600000, 0x056b0000)
  from space 2112K, 100% used [0x058c0000, 0x05ad0000, 0x05ad0000)
  to   space 2112K,   0% used [0x056b0000, 0x056b0000, 0x058c0000)
 tenured generation   total 42480K, used 26179K [0x09b50000, 0x0c4cc000, 0x14600000)
   the space 42480K,  61% used [0x09b50000, 0x0b4e0ea8, 0x0b4e1000, 0x0c4cc000)
 Metaspace       used 23625K, capacity 24717K, committed 24832K, reserved 24960K
}
Event: 10.520 GC heap before
{Heap before GC invocations=49 (full 4):
 def new generation   total 19200K, used 19200K [0x04600000, 0x05ad0000, 0x09b50000)
  eden space 17088K, 100% used [0x04600000, 0x056b0000, 0x056b0000)
  from space 2112K, 100% used [0x058c0000, 0x05ad0000, 0x05ad0000)
  to   space 2112K,   0% used [0x056b0000, 0x056b0000, 0x058c0000)
 tenured generation   total 42480K, used 26179K [0x09b50000, 0x0c4cc000, 0x14600000)
   the space 42480K,  61% used [0x09b50000, 0x0b4e0ea8, 0x0b4e1000, 0x0c4cc000)
 Metaspace       used 23631K, capacity 24717K, committed 24832K, reserved 24960K
Event: 10.524 GC heap after
Heap after GC invocations=50 (full 4):
 def new generation   total 19200K, used 457K [0x04600000, 0x05ad0000, 0x09b50000)
  eden space 17088K,   0% used [0x04600000, 0x04600000, 0x056b0000)
  from space 2112K,  21% used [0x056b0000, 0x05722490, 0x058c0000)
  to   space 2112K,   0% used [0x058c0000, 0x058c0000, 0x05ad0000)
 tenured generation   total 42480K, used 27809K [0x09b50000, 0x0c4cc000, 0x14600000)
   the space 42480K,  65% used [0x09b50000, 0x0b6785a0, 0x0b678600, 0x0c4cc000)
 Metaspace       used 23631K, capacity 24717K, committed 24832K, reserved 24960K
}
Event: 10.577 GC heap before
{Heap before GC invocations=50 (full 4):
 def new generation   total 19200K, used 17545K [0x04600000, 0x05ad0000, 0x09b50000)
  eden space 17088K, 100% used [0x04600000, 0x056b0000, 0x056b0000)
  from space 2112K,  21% used [0x056b0000, 0x05722490, 0x058c0000)
  to   space 2112K,   0% used [0x058c0000, 0x058c0000, 0x05ad0000)
 tenured generation   total 42480K, used 27809K [0x09b50000, 0x0c4cc000, 0x14600000)
   the space 42480K,  65% used [0x09b50000, 0x0b6785a0, 0x0b678600, 0x0c4cc000)
 Metaspace       used 23631K, capacity 24717K, committed 24832K, reserved 24960K
Event: 10.580 GC heap after
Heap after GC invocations=51 (full 4):
 def new generation   total 19200K, used 932K [0x04600000, 0x05ad0000, 0x09b50000)
  eden space 17088K,   0% used [0x04600000, 0x04600000, 0x056b0000)
  from space 2112K,  44% used [0x058c0000, 0x059a90b8, 0x05ad0000)
  to   space 2112K,   0% used [0x056b0000, 0x056b0000, 0x058c0000)
 tenured generation   total 42480K, used 27809K [0x09b50000, 0x0c4cc000, 0x14600000)
   the space 42480K,  65% used [0x09b50000, 0x0b6785a0, 0x0b678600, 0x0c4cc000)
 Metaspace       used 23631K, capacity 24717K, committed 24832K, reserved 24960K
}
Event: 10.628 GC heap before
{Heap before GC invocations=51 (full 4):
 def new generation   total 19200K, used 18020K [0x04600000, 0x05ad0000, 0x09b50000)
  eden space 17088K, 100% used [0x04600000, 0x056b0000, 0x056b0000)
  from space 2112K,  44% used [0x058c0000, 0x059a90b8, 0x05ad0000)
  to   space 2112K,   0% used [0x056b0000, 0x056b0000, 0x058c0000)
 tenured generation   total 42480K, used 27809K [0x09b50000, 0x0c4cc000, 0x14600000)
   the space 42480K,  65% used [0x09b50000, 0x0b6785a0, 0x0b678600, 0x0c4cc000)
 Metaspace       used 23631K, capacity 24717K, committed 24832K, reserved 24960K
Event: 10.632 GC heap after
Heap after GC invocations=52 (full 4):
 def new generation   total 19200K, used 1184K [0x04600000, 0x05ad0000, 0x09b50000)
  eden space 17088K,   0% used [0x04600000, 0x04600000, 0x056b0000)
  from space 2112K,  56% used [0x056b0000, 0x057d81f0, 0x058c0000)
  to   space 2112K,   0% used [0x058c0000, 0x058c0000, 0x05ad0000)
 tenured generation   total 42480K, used 27809K [0x09b50000, 0x0c4cc000, 0x14600000)
   the space 42480K,  65% used [0x09b50000, 0x0b6785a0, 0x0b678600, 0x0c4cc000)
 Metaspace       used 23631K, capacity 24717K, committed 24832K, reserved 24960K
}

