# JRE version: Java(TM) SE Runtime Environment (8.0_171-b11) (build 1.8.0_171-b11)
# Java VM: Java HotSpot(TM) Client VM (25.171-b11 mixed mode windows-x86 )
Heap:
 def new generation   total 19136K, used 14645K [0x04600000, 0x05ac0000, 0x09b50000)
  eden space 17024K,  80% used [0x04600000, 0x053608b8, 0x056a0000)
  from space 2112K,  44% used [0x058b0000, 0x0599cda0, 0x05ac0000)
  to   space 2112K,   0% used [0x056a0000, 0x056a0000, 0x058b0000)
 tenured generation   total 42464K, used 28211K [0x09b50000, 0x0c4c8000, 0x14600000)
   the space 42464K,  66% used [0x09b50000, 0x0b6dcec0, 0x0b6dd000, 0x0c4c8000)
 Metaspace       used 23624K, capacity 24726K, committed 24832K, reserved 24960K
GC Heap History (10 events):
Event: 10.064 GC heap before
{Heap before GC invocations=48 (full 4):
 def new generation   total 19136K, used 17024K [0x04600000, 0x05ac0000, 0x09b50000)
  eden space 17024K, 100% used [0x04600000, 0x056a0000, 0x056a0000)
  from space 2112K,   0% used [0x056a0000, 0x056a0000, 0x058b0000)
  to   space 2112K,   0% used [0x058b0000, 0x058b0000, 0x05ac0000)
 tenured generation   total 42464K, used 25476K [0x09b50000, 0x0c4c8000, 0x14600000)
   the space 42464K,  59% used [0x09b50000, 0x0b431200, 0x0b431200, 0x0c4c8000)
 Metaspace       used 23606K, capacity 24694K, committed 24832K, reserved 24960K
Event: 10.086 GC heap after
Heap after GC invocations=49 (full 4):
 def new generation   total 19136K, used 2112K [0x04600000, 0x05ac0000, 0x09b50000)
  eden space 17024K,   0% used [0x04600000, 0x04600000, 0x056a0000)
  from space 2112K, 100% used [0x058b0000, 0x05ac0000, 0x05ac0000)
  to   space 2112K,   0% used [0x056a0000, 0x056a0000, 0x058b0000)
 tenured generation   total 42464K, used 26127K [0x09b50000, 0x0c4c8000, 0x14600000)
   the space 42464K,  61% used [0x09b50000, 0x0b4d3ca8, 0x0b4d3e00, 0x0c4c8000)
 Metaspace       used 23606K, capacity 24694K, committed 24832K, reserved 24960K
}
Event: 10.293 GC heap before
{Heap before GC invocations=49 (full 4):
 def new generation   total 19136K, used 19136K [0x04600000, 0x05ac0000, 0x09b50000)
  eden space 17024K, 100% used [0x04600000, 0x056a0000, 0x056a0000)
  from space 2112K, 100% used [0x058b0000, 0x05ac0000, 0x05ac0000)
  to   space 2112K,   0% used [0x056a0000, 0x056a0000, 0x058b0000)
 tenured generation   total 42464K, used 26127K [0x09b50000, 0x0c4c8000, 0x14600000)
   the space 42464K,  61% used [0x09b50000, 0x0b4d3ca8, 0x0b4d3e00, 0x0c4c8000)
 Metaspace       used 23613K, capacity 24694K, committed 24832K, reserved 24960K
Event: 10.298 GC heap after
Heap after GC invocations=50 (full 4):
 def new generation   total 19136K, used 505K [0x04600000, 0x05ac0000, 0x09b50000)
  eden space 17024K,   0% used [0x04600000, 0x04600000, 0x056a0000)
  from space 2112K,  23% used [0x056a0000, 0x0571e6f8, 0x058b0000)
  to   space 2112K,   0% used [0x058b0000, 0x058b0000, 0x05ac0000)
 tenured generation   total 42464K, used 27726K [0x09b50000, 0x0c4c8000, 0x14600000)
   the space 42464K,  65% used [0x09b50000, 0x0b6639b0, 0x0b663a00, 0x0c4c8000)
 Metaspace       used 23613K, capacity 24694K, committed 24832K, reserved 24960K
}
Event: 10.351 GC heap before
{Heap before GC invocations=50 (full 4):
 def new generation   total 19136K, used 17529K [0x04600000, 0x05ac0000, 0x09b50000)
  eden space 17024K, 100% used [0x04600000, 0x056a0000, 0x056a0000)
  from space 2112K,  23% used [0x056a0000, 0x0571e6f8, 0x058b0000)
  to   space 2112K,   0% used [0x058b0000, 0x058b0000, 0x05ac0000)
 tenured generation   total 42464K, used 27726K [0x09b50000, 0x0c4c8000, 0x14600000)
   the space 42464K,  65% used [0x09b50000, 0x0b6639b0, 0x0b663a00, 0x0c4c8000)
 Metaspace       used 23613K, capacity 24694K, committed 24832K, reserved 24960K
Event: 10.353 GC heap after
Heap after GC invocations=51 (full 4):
 def new generation   total 19136K, used 980K [0x04600000, 0x05ac0000, 0x09b50000)
  eden space 17024K,   0% used [0x04600000, 0x04600000, 0x056a0000)
  from space 2112K,  46% used [0x058b0000, 0x059a5320, 0x05ac0000)
  to   space 2112K,   0% used [0x056a0000, 0x056a0000, 0x058b0000)
 tenured generation   total 42464K, used 27726K [0x09b50000, 0x0c4c8000, 0x14600000)
   the space 42464K,  65% used [0x09b50000, 0x0b6639b0, 0x0b663a00, 0x0c4c8000)
 Metaspace       used 23613K, capacity 24694K, committed 24832K, reserved 24960K
}
Event: 10.402 GC heap before
{Heap before GC invocations=51 (full 4):
 def new generation   total 19136K, used 18004K [0x04600000, 0x05ac0000, 0x09b50000)
  eden space 17024K, 100% used [0x04600000, 0x056a0000, 0x056a0000)
  from space 2112K,  46% used [0x058b0000, 0x059a5320, 0x05ac0000)
  to   space 2112K,   0% used [0x056a0000, 0x056a0000, 0x058b0000)
 tenured generation   total 42464K, used 27726K [0x09b50000, 0x0c4c8000, 0x14600000)
   the space 42464K,  65% used [0x09b50000, 0x0b6639b0, 0x0b663a00, 0x0c4c8000)
 Metaspace       used 23613K, capacity 24694K, committed 24832K, reserved 24960K
Event: 10.406 GC heap after
Heap after GC invocations=52 (full 4):
 def new generation   total 19136K, used 1227K [0x04600000, 0x05ac0000, 0x09b50000)
  eden space 17024K,   0% used [0x04600000, 0x04600000, 0x056a0000)
  from space 2112K,  58% used [0x056a0000, 0x057d2d30, 0x058b0000)
  to   space 2112K,   0% used [0x058b0000, 0x058b0000, 0x05ac0000)
 tenured generation   total 42464K, used 27726K [0x09b50000, 0x0c4c8000, 0x14600000)
   the space 42464K,  65% used [0x09b50000, 0x0b6639b0, 0x0b663a00, 0x0c4c8000)
 Metaspace       used 23613K, capacity 24694K, committed 24832K, reserved 24960K
}
Event: 10.504 GC heap before
{Heap before GC invocations=52 (full 4):
 def new generation   total 19136K, used 18251K [0x04600000, 0x05ac0000, 0x09b50000)
  eden space 17024K, 100% used [0x04600000, 0x056a0000, 0x056a0000)
  from space 2112K,  58% used [0x056a0000, 0x057d2d30, 0x058b0000)
  to   space 2112K,   0% used [0x058b0000, 0x058b0000, 0x05ac0000)
 tenured generation   total 42464K, used 27726K [0x09b50000, 0x0c4c8000, 0x14600000)
   the space 42464K,  65% used [0x09b50000, 0x0b6639b0, 0x0b663a00, 0x0c4c8000)
 Metaspace       used 23617K, capacity 24694K, committed 24832K, reserved 24960K
Event: 10.509 GC heap after
Heap after GC invocations=53 (full 4):
 def new generation   total 19136K, used 947K [0x04600000, 0x05ac0000, 0x09b50000)
  eden space 17024K,   0% used [0x04600000, 0x04600000, 0x056a0000)
  from space 2112K,  44% used [0x058b0000, 0x0599cda0, 0x05ac0000)
  to   space 2112K,   0% used [0x056a0000, 0x056a0000, 0x058b0000)
 tenured generation   total 42464K, used 28211K [0x09b50000, 0x0c4c8000, 0x14600000)
   the space 42464K,  66% used [0x09b50000, 0x0b6dcec0, 0x0b6dd000, 0x0c4c8000)
 Metaspace       used 23617K, capacity 24694K, committed 24832K, reserved 24960K
}

